<?xml version="1.0" encoding="UTF-8"?>
<coverage generated="1657128694140" clover="3.2.0">
  <project timestamp="1657128694140" name="All files">
    <metrics statements="91" coveredstatements="67" conditionals="3" coveredconditionals="0" methods="25" coveredmethods="4" elements="119" coveredelements="71" complexity="0" loc="91" ncloc="91" packages="3" files="9" classes="9"/>
    <package name="config">
      <metrics statements="5" coveredstatements="5" conditionals="0" coveredconditionals="0" methods="1" coveredmethods="1"/>
      <file name="context.ts" path="/Users/domingotrejo/projects/diplomado/pk-project/src/config/context.ts">
        <metrics statements="5" coveredstatements="5" conditionals="0" coveredconditionals="0" methods="1" coveredmethods="1"/>
        <line num="2" count="3" type="stmt"/>
        <line num="5" count="3" type="stmt"/>
        <line num="17" count="3" type="stmt"/>
        <line num="18" count="4" type="stmt"/>
        <line num="23" count="3" type="stmt"/>
      </file>
    </package>
    <package name="db.entities">
      <metrics statements="44" coveredstatements="32" conditionals="0" coveredconditionals="0" methods="12" coveredmethods="0"/>
      <file name="MissingTicket.ts" path="/Users/domingotrejo/projects/diplomado/pk-project/src/db/entities/MissingTicket.ts">
        <metrics statements="13" coveredstatements="9" conditionals="0" coveredconditionals="0" methods="4" coveredmethods="0"/>
        <line num="1" count="3" type="stmt"/>
        <line num="2" count="3" type="stmt"/>
        <line num="3" count="3" type="stmt"/>
        <line num="6" count="3" type="stmt"/>
        <line num="7" count="0" type="stmt"/>
        <line num="8" count="3" type="stmt"/>
        <line num="10" count="0" type="stmt"/>
        <line num="11" count="3" type="stmt"/>
        <line num="14" count="3" type="stmt"/>
        <line num="16" count="0" type="stmt"/>
        <line num="17" count="3" type="stmt"/>
        <line num="19" count="0" type="stmt"/>
        <line num="20" count="3" type="stmt"/>
      </file>
      <file name="Parkings.ts" path="/Users/domingotrejo/projects/diplomado/pk-project/src/db/entities/Parkings.ts">
        <metrics statements="16" coveredstatements="11" conditionals="0" coveredconditionals="0" methods="5" coveredmethods="0"/>
        <line num="1" count="3" type="stmt"/>
        <line num="2" count="3" type="stmt"/>
        <line num="3" count="3" type="stmt"/>
        <line num="4" count="3" type="stmt"/>
        <line num="6" count="3" type="stmt"/>
        <line num="7" count="0" type="stmt"/>
        <line num="8" count="3" type="stmt"/>
        <line num="10" count="0" type="stmt"/>
        <line num="11" count="3" type="stmt"/>
        <line num="14" count="3" type="stmt"/>
        <line num="16" count="0" type="stmt"/>
        <line num="17" count="3" type="stmt"/>
        <line num="19" count="0" type="stmt"/>
        <line num="20" count="3" type="stmt"/>
        <line num="22" count="0" type="stmt"/>
        <line num="23" count="3" type="stmt"/>
      </file>
      <file name="Vehicle.ts" path="/Users/domingotrejo/projects/diplomado/pk-project/src/db/entities/Vehicle.ts">
        <metrics statements="12" coveredstatements="9" conditionals="0" coveredconditionals="0" methods="3" coveredmethods="0"/>
        <line num="1" count="3" type="stmt"/>
        <line num="2" count="3" type="stmt"/>
        <line num="3" count="3" type="stmt"/>
        <line num="6" count="3" type="stmt"/>
        <line num="7" count="0" type="stmt"/>
        <line num="8" count="3" type="stmt"/>
        <line num="10" count="0" type="stmt"/>
        <line num="11" count="3" type="stmt"/>
        <line num="14" count="3" type="stmt"/>
        <line num="17" count="3" type="stmt"/>
        <line num="19" count="0" type="stmt"/>
        <line num="20" count="3" type="stmt"/>
      </file>
      <file name="index.ts" path="/Users/domingotrejo/projects/diplomado/pk-project/src/db/entities/index.ts">
        <metrics statements="3" coveredstatements="3" conditionals="0" coveredconditionals="0" methods="0" coveredmethods="0"/>
        <line num="1" count="3" type="stmt"/>
        <line num="2" count="3" type="stmt"/>
        <line num="3" count="3" type="stmt"/>
      </file>
    </package>
    <package name="resolvers.query">
      <metrics statements="42" coveredstatements="30" conditionals="3" coveredconditionals="0" methods="12" coveredmethods="3"/>
      <file name="index.ts" path="/Users/domingotrejo/projects/diplomado/pk-project/src/resolvers/query/index.ts">
        <metrics statements="3" coveredstatements="3" conditionals="0" coveredconditionals="0" methods="0" coveredmethods="0"/>
        <line num="1" count="3" type="stmt"/>
        <line num="2" count="3" type="stmt"/>
        <line num="3" count="3" type="stmt"/>
      </file>
      <file name="missingTicket.ts" path="/Users/domingotrejo/projects/diplomado/pk-project/src/resolvers/query/missingTicket.ts">
        <metrics statements="13" coveredstatements="9" conditionals="1" coveredconditionals="0" methods="4" coveredmethods="1"/>
        <line num="1" count="3" type="stmt"/>
        <line num="2" count="3" type="stmt"/>
        <line num="3" count="3" type="stmt"/>
        <line num="7" count="3" type="stmt"/>
        <line num="9" count="0" type="stmt"/>
        <line num="10" count="3" type="stmt"/>
        <line num="11" count="0" type="stmt"/>
        <line num="14" count="0" type="stmt"/>
        <line num="15" count="3" type="stmt"/>
        <line num="19" count="1" type="stmt"/>
        <line num="24" count="1" type="cond" truecount="0" falsecount="1"/>
        <line num="25" count="0" type="stmt"/>
        <line num="28" count="1" type="stmt"/>
      </file>
      <file name="parking.ts" path="/Users/domingotrejo/projects/diplomado/pk-project/src/resolvers/query/parking.ts">
        <metrics statements="13" coveredstatements="9" conditionals="1" coveredconditionals="0" methods="4" coveredmethods="1"/>
        <line num="1" count="3" type="stmt"/>
        <line num="2" count="3" type="stmt"/>
        <line num="3" count="3" type="stmt"/>
        <line num="7" count="3" type="stmt"/>
        <line num="9" count="0" type="stmt"/>
        <line num="10" count="3" type="stmt"/>
        <line num="11" count="0" type="stmt"/>
        <line num="14" count="0" type="stmt"/>
        <line num="15" count="3" type="stmt"/>
        <line num="18" count="2" type="stmt"/>
        <line num="23" count="2" type="cond" truecount="0" falsecount="1"/>
        <line num="24" count="0" type="stmt"/>
        <line num="27" count="2" type="stmt"/>
      </file>
      <file name="vehicle.ts" path="/Users/domingotrejo/projects/diplomado/pk-project/src/resolvers/query/vehicle.ts">
        <metrics statements="13" coveredstatements="9" conditionals="1" coveredconditionals="0" methods="4" coveredmethods="1"/>
        <line num="1" count="3" type="stmt"/>
        <line num="2" count="3" type="stmt"/>
        <line num="3" count="3" type="stmt"/>
        <line num="7" count="3" type="stmt"/>
        <line num="9" count="0" type="stmt"/>
        <line num="10" count="3" type="stmt"/>
        <line num="11" count="0" type="stmt"/>
        <line num="14" count="0" type="stmt"/>
        <line num="15" count="3" type="stmt"/>
        <line num="18" count="1" type="stmt"/>
        <line num="23" count="1" type="cond" truecount="0" falsecount="1"/>
        <line num="24" count="0" type="stmt"/>
        <line num="27" count="1" type="stmt"/>
      </file>
    </package>
  </project>
</coverage>
