{"/Users/domingotrejo/projects/diplomado/pk-project/src/config/context.ts": {"path":"/Users/domingotrejo/projects/diplomado/pk-project/src/config/context.ts","statementMap":{"0":{"start":{"line":2,"column":0},"end":{"line":2,"column":61}},"1":{"start":{"line":5,"column":0},"end":{"line":5,"column":31}},"2":{"start":{"line":17,"column":33},"end":{"line":21,"column":1}},"3":{"start":{"line":18,"column":4},"end":{"line":20,"column":null}},"4":{"start":{"line":17,"column":13},"end":{"line":17,"column":33}},"5":{"start":{"line":23,"column":13},"end":{"line":25,"column":null}}},"fnMap":{"0":{"name":"(anonymous_1)","decl":{"start":{"line":17,"column":33},"end":{"line":17,"column":49}},"loc":{"start":{"line":17,"column":51},"end":{"line":21,"column":1}}}},"branchMap":{},"s":{"0":3,"1":3,"2":3,"3":4,"4":3,"5":3},"f":{"0":4},"b":{}}
,"/Users/domingotrejo/projects/diplomado/pk-project/src/db/entities/MissingTicket.ts": {"path":"/Users/domingotrejo/projects/diplomado/pk-project/src/db/entities/MissingTicket.ts","statementMap":{"0":{"start":{"line":1,"column":0},"end":{"line":1,"column":25}},"1":{"start":{"line":2,"column":0},"end":{"line":2,"column":52}},"2":{"start":{"line":3,"column":0},"end":{"line":3,"column":35}},"3":{"start":{"line":6,"column":0},"end":{"line":21,"column":null}},"4":{"start":{"line":8,"column":4},"end":{"line":8,"column":null}},"5":{"start":{"line":7,"column":20},"end":{"line":7,"column":22}},"6":{"start":{"line":11,"column":4},"end":{"line":11,"column":null}},"7":{"start":{"line":10,"column":21},"end":{"line":10,"column":28}},"8":{"start":{"line":14,"column":4},"end":{"line":14,"column":null}},"9":{"start":{"line":17,"column":4},"end":{"line":17,"column":null}},"10":{"start":{"line":16,"column":21},"end":{"line":16,"column":25}},"11":{"start":{"line":20,"column":4},"end":{"line":20,"column":null}},"12":{"start":{"line":19,"column":21},"end":{"line":19,"column":28}},"13":{"start":{"line":6,"column":13},"end":{"line":21,"column":null}},"14":{"start":{"line":6,"column":13},"end":{"line":6,"column":26}}},"fnMap":{"0":{"name":"(anonymous_2)","decl":{"start":{"line":7,"column":11},"end":{"line":7,"column":12}},"loc":{"start":{"line":7,"column":20},"end":{"line":7,"column":22}}},"1":{"name":"(anonymous_3)","decl":{"start":{"line":10,"column":11},"end":{"line":10,"column":12}},"loc":{"start":{"line":10,"column":21},"end":{"line":10,"column":28}}},"2":{"name":"(anonymous_4)","decl":{"start":{"line":16,"column":11},"end":{"line":16,"column":12}},"loc":{"start":{"line":16,"column":21},"end":{"line":16,"column":25}}},"3":{"name":"(anonymous_5)","decl":{"start":{"line":19,"column":11},"end":{"line":19,"column":12}},"loc":{"start":{"line":19,"column":21},"end":{"line":19,"column":28}}}},"branchMap":{},"s":{"0":3,"1":3,"2":3,"3":3,"4":3,"5":0,"6":3,"7":0,"8":3,"9":3,"10":0,"11":3,"12":0,"13":3,"14":3},"f":{"0":0,"1":0,"2":0,"3":0},"b":{}}
,"/Users/domingotrejo/projects/diplomado/pk-project/src/db/entities/Parkings.ts": {"path":"/Users/domingotrejo/projects/diplomado/pk-project/src/db/entities/Parkings.ts","statementMap":{"0":{"start":{"line":1,"column":0},"end":{"line":1,"column":25}},"1":{"start":{"line":2,"column":0},"end":{"line":2,"column":44}},"2":{"start":{"line":3,"column":0},"end":{"line":3,"column":52}},"3":{"start":{"line":4,"column":0},"end":{"line":4,"column":35}},"4":{"start":{"line":6,"column":0},"end":{"line":24,"column":null}},"5":{"start":{"line":8,"column":4},"end":{"line":8,"column":null}},"6":{"start":{"line":7,"column":20},"end":{"line":7,"column":22}},"7":{"start":{"line":11,"column":4},"end":{"line":11,"column":null}},"8":{"start":{"line":10,"column":21},"end":{"line":10,"column":28}},"9":{"start":{"line":14,"column":4},"end":{"line":14,"column":null}},"10":{"start":{"line":17,"column":4},"end":{"line":17,"column":null}},"11":{"start":{"line":16,"column":21},"end":{"line":16,"column":25}},"12":{"start":{"line":20,"column":4},"end":{"line":20,"column":null}},"13":{"start":{"line":19,"column":21},"end":{"line":19,"column":28}},"14":{"start":{"line":23,"column":4},"end":{"line":23,"column":null}},"15":{"start":{"line":22,"column":21},"end":{"line":22,"column":32}},"16":{"start":{"line":6,"column":13},"end":{"line":24,"column":null}},"17":{"start":{"line":6,"column":13},"end":{"line":6,"column":21}}},"fnMap":{"0":{"name":"(anonymous_2)","decl":{"start":{"line":7,"column":11},"end":{"line":7,"column":12}},"loc":{"start":{"line":7,"column":20},"end":{"line":7,"column":22}}},"1":{"name":"(anonymous_3)","decl":{"start":{"line":10,"column":11},"end":{"line":10,"column":12}},"loc":{"start":{"line":10,"column":21},"end":{"line":10,"column":28}}},"2":{"name":"(anonymous_4)","decl":{"start":{"line":16,"column":11},"end":{"line":16,"column":12}},"loc":{"start":{"line":16,"column":21},"end":{"line":16,"column":25}}},"3":{"name":"(anonymous_5)","decl":{"start":{"line":19,"column":11},"end":{"line":19,"column":12}},"loc":{"start":{"line":19,"column":21},"end":{"line":19,"column":28}}},"4":{"name":"(anonymous_6)","decl":{"start":{"line":22,"column":11},"end":{"line":22,"column":12}},"loc":{"start":{"line":22,"column":21},"end":{"line":22,"column":32}}}},"branchMap":{},"s":{"0":3,"1":3,"2":3,"3":3,"4":3,"5":3,"6":0,"7":3,"8":0,"9":3,"10":3,"11":0,"12":3,"13":0,"14":3,"15":0,"16":3,"17":3},"f":{"0":0,"1":0,"2":0,"3":0,"4":0},"b":{}}
,"/Users/domingotrejo/projects/diplomado/pk-project/src/db/entities/Vehicle.ts": {"path":"/Users/domingotrejo/projects/diplomado/pk-project/src/db/entities/Vehicle.ts","statementMap":{"0":{"start":{"line":1,"column":0},"end":{"line":1,"column":25}},"1":{"start":{"line":2,"column":0},"end":{"line":2,"column":52}},"2":{"start":{"line":3,"column":0},"end":{"line":3,"column":37}},"3":{"start":{"line":6,"column":0},"end":{"line":21,"column":null}},"4":{"start":{"line":8,"column":4},"end":{"line":8,"column":null}},"5":{"start":{"line":7,"column":20},"end":{"line":7,"column":22}},"6":{"start":{"line":11,"column":4},"end":{"line":11,"column":null}},"7":{"start":{"line":10,"column":21},"end":{"line":10,"column":27}},"8":{"start":{"line":14,"column":4},"end":{"line":14,"column":null}},"9":{"start":{"line":17,"column":4},"end":{"line":17,"column":null}},"10":{"start":{"line":20,"column":4},"end":{"line":20,"column":null}},"11":{"start":{"line":19,"column":21},"end":{"line":19,"column":29}},"12":{"start":{"line":6,"column":13},"end":{"line":21,"column":null}},"13":{"start":{"line":6,"column":13},"end":{"line":6,"column":20}}},"fnMap":{"0":{"name":"(anonymous_2)","decl":{"start":{"line":7,"column":11},"end":{"line":7,"column":12}},"loc":{"start":{"line":7,"column":20},"end":{"line":7,"column":22}}},"1":{"name":"(anonymous_3)","decl":{"start":{"line":10,"column":11},"end":{"line":10,"column":12}},"loc":{"start":{"line":10,"column":21},"end":{"line":10,"column":27}}},"2":{"name":"(anonymous_4)","decl":{"start":{"line":19,"column":11},"end":{"line":19,"column":12}},"loc":{"start":{"line":19,"column":21},"end":{"line":19,"column":29}}}},"branchMap":{},"s":{"0":3,"1":3,"2":3,"3":3,"4":3,"5":0,"6":3,"7":0,"8":3,"9":3,"10":3,"11":0,"12":3,"13":3},"f":{"0":0,"1":0,"2":0},"b":{}}
,"/Users/domingotrejo/projects/diplomado/pk-project/src/db/entities/index.ts": {"path":"/Users/domingotrejo/projects/diplomado/pk-project/src/db/entities/index.ts","statementMap":{"0":{"start":{"line":1,"column":0},"end":{"line":1,"column":26}},"1":{"start":{"line":2,"column":0},"end":{"line":2,"column":27}},"2":{"start":{"line":3,"column":0},"end":{"line":3,"column":32}}},"fnMap":{},"branchMap":{},"s":{"0":3,"1":3,"2":3},"f":{},"b":{}}
,"/Users/domingotrejo/projects/diplomado/pk-project/src/resolvers/query/index.ts": {"path":"/Users/domingotrejo/projects/diplomado/pk-project/src/resolvers/query/index.ts","statementMap":{"0":{"start":{"line":1,"column":0},"end":{"line":1,"column":26}},"1":{"start":{"line":2,"column":0},"end":{"line":2,"column":26}},"2":{"start":{"line":3,"column":0},"end":{"line":3,"column":32}}},"fnMap":{},"branchMap":{},"s":{"0":3,"1":3,"2":3},"f":{},"b":{}}
,"/Users/domingotrejo/projects/diplomado/pk-project/src/resolvers/query/missingTicket.ts": {"path":"/Users/domingotrejo/projects/diplomado/pk-project/src/resolvers/query/missingTicket.ts","statementMap":{"0":{"start":{"line":1,"column":0},"end":{"line":1,"column":26}},"1":{"start":{"line":2,"column":0},"end":{"line":2,"column":57}},"2":{"start":{"line":3,"column":0},"end":{"line":3,"column":50}},"3":{"start":{"line":7,"column":0},"end":{"line":31,"column":null}},"4":{"start":{"line":11,"column":8},"end":{"line":11,"column":null}},"5":{"start":{"line":19,"column":34},"end":{"line":23,"column":14}},"6":{"start":{"line":24,"column":12},"end":{"line":26,"column":null}},"7":{"start":{"line":25,"column":16},"end":{"line":25,"column":null}},"8":{"start":{"line":28,"column":12},"end":{"line":28,"column":null}},"9":{"start":{"line":10,"column":4},"end":{"line":12,"column":null}},"10":{"start":{"line":9,"column":17},"end":{"line":9,"column":32}},"11":{"start":{"line":15,"column":4},"end":{"line":29,"column":null}},"12":{"start":{"line":14,"column":17},"end":{"line":14,"column":30}},"13":{"start":{"line":7,"column":13},"end":{"line":31,"column":null}},"14":{"start":{"line":7,"column":13},"end":{"line":7,"column":31}}},"fnMap":{"0":{"name":"(anonymous_11)","decl":{"start":{"line":10,"column":10},"end":{"line":10,"column":26}},"loc":{"start":{"line":10,"column":46},"end":{"line":12,"column":null}}},"1":{"name":"(anonymous_13)","decl":{"start":{"line":15,"column":10},"end":{"line":15,"column":27}},"loc":{"start":{"line":17,"column":29},"end":{"line":29,"column":null}}},"2":{"name":"(anonymous_15)","decl":{"start":{"line":9,"column":11},"end":{"line":9,"column":14}},"loc":{"start":{"line":9,"column":17},"end":{"line":9,"column":32}}},"3":{"name":"(anonymous_16)","decl":{"start":{"line":14,"column":11},"end":{"line":14,"column":14}},"loc":{"start":{"line":14,"column":17},"end":{"line":14,"column":30}}}},"branchMap":{"0":{"loc":{"start":{"line":24,"column":12},"end":{"line":26,"column":null}},"type":"if","locations":[{"start":{"line":24,"column":12},"end":{"line":26,"column":null}}]}},"s":{"0":3,"1":3,"2":3,"3":3,"4":0,"5":1,"6":1,"7":0,"8":1,"9":3,"10":0,"11":3,"12":0,"13":3,"14":3},"f":{"0":0,"1":1,"2":0,"3":0},"b":{"0":[0]}}
,"/Users/domingotrejo/projects/diplomado/pk-project/src/resolvers/query/parking.ts": {"path":"/Users/domingotrejo/projects/diplomado/pk-project/src/resolvers/query/parking.ts","statementMap":{"0":{"start":{"line":1,"column":0},"end":{"line":1,"column":26}},"1":{"start":{"line":2,"column":0},"end":{"line":2,"column":57}},"2":{"start":{"line":3,"column":0},"end":{"line":3,"column":45}},"3":{"start":{"line":7,"column":0},"end":{"line":30,"column":null}},"4":{"start":{"line":11,"column":8},"end":{"line":11,"column":null}},"5":{"start":{"line":18,"column":28},"end":{"line":22,"column":14}},"6":{"start":{"line":23,"column":12},"end":{"line":25,"column":null}},"7":{"start":{"line":24,"column":16},"end":{"line":24,"column":null}},"8":{"start":{"line":27,"column":12},"end":{"line":27,"column":null}},"9":{"start":{"line":10,"column":4},"end":{"line":12,"column":null}},"10":{"start":{"line":9,"column":17},"end":{"line":9,"column":27}},"11":{"start":{"line":15,"column":4},"end":{"line":28,"column":null}},"12":{"start":{"line":14,"column":17},"end":{"line":14,"column":25}},"13":{"start":{"line":7,"column":13},"end":{"line":30,"column":null}},"14":{"start":{"line":7,"column":13},"end":{"line":7,"column":25}}},"fnMap":{"0":{"name":"(anonymous_11)","decl":{"start":{"line":10,"column":10},"end":{"line":10,"column":21}},"loc":{"start":{"line":10,"column":41},"end":{"line":12,"column":null}}},"1":{"name":"(anonymous_13)","decl":{"start":{"line":15,"column":10},"end":{"line":15,"column":21}},"loc":{"start":{"line":17,"column":29},"end":{"line":28,"column":null}}},"2":{"name":"(anonymous_15)","decl":{"start":{"line":9,"column":11},"end":{"line":9,"column":14}},"loc":{"start":{"line":9,"column":17},"end":{"line":9,"column":27}}},"3":{"name":"(anonymous_16)","decl":{"start":{"line":14,"column":11},"end":{"line":14,"column":14}},"loc":{"start":{"line":14,"column":17},"end":{"line":14,"column":25}}}},"branchMap":{"0":{"loc":{"start":{"line":23,"column":12},"end":{"line":25,"column":null}},"type":"if","locations":[{"start":{"line":23,"column":12},"end":{"line":25,"column":null}}]}},"s":{"0":3,"1":3,"2":3,"3":3,"4":0,"5":2,"6":2,"7":0,"8":2,"9":3,"10":0,"11":3,"12":0,"13":3,"14":3},"f":{"0":0,"1":2,"2":0,"3":0},"b":{"0":[0]}}
,"/Users/domingotrejo/projects/diplomado/pk-project/src/resolvers/query/vehicle.ts": {"path":"/Users/domingotrejo/projects/diplomado/pk-project/src/resolvers/query/vehicle.ts","statementMap":{"0":{"start":{"line":1,"column":0},"end":{"line":1,"column":26}},"1":{"start":{"line":2,"column":0},"end":{"line":2,"column":57}},"2":{"start":{"line":3,"column":0},"end":{"line":3,"column":44}},"3":{"start":{"line":7,"column":0},"end":{"line":29,"column":null}},"4":{"start":{"line":11,"column":8},"end":{"line":11,"column":null}},"5":{"start":{"line":18,"column":28},"end":{"line":22,"column":14}},"6":{"start":{"line":23,"column":12},"end":{"line":25,"column":null}},"7":{"start":{"line":24,"column":16},"end":{"line":24,"column":null}},"8":{"start":{"line":27,"column":12},"end":{"line":27,"column":null}},"9":{"start":{"line":10,"column":4},"end":{"line":12,"column":null}},"10":{"start":{"line":9,"column":17},"end":{"line":9,"column":26}},"11":{"start":{"line":15,"column":4},"end":{"line":28,"column":null}},"12":{"start":{"line":14,"column":17},"end":{"line":14,"column":24}},"13":{"start":{"line":7,"column":13},"end":{"line":29,"column":null}},"14":{"start":{"line":7,"column":13},"end":{"line":7,"column":25}}},"fnMap":{"0":{"name":"(anonymous_11)","decl":{"start":{"line":10,"column":10},"end":{"line":10,"column":21}},"loc":{"start":{"line":10,"column":41},"end":{"line":12,"column":null}}},"1":{"name":"(anonymous_13)","decl":{"start":{"line":15,"column":10},"end":{"line":15,"column":21}},"loc":{"start":{"line":17,"column":29},"end":{"line":28,"column":null}}},"2":{"name":"(anonymous_15)","decl":{"start":{"line":9,"column":11},"end":{"line":9,"column":14}},"loc":{"start":{"line":9,"column":17},"end":{"line":9,"column":26}}},"3":{"name":"(anonymous_16)","decl":{"start":{"line":14,"column":11},"end":{"line":14,"column":14}},"loc":{"start":{"line":14,"column":17},"end":{"line":14,"column":24}}}},"branchMap":{"0":{"loc":{"start":{"line":23,"column":12},"end":{"line":25,"column":null}},"type":"if","locations":[{"start":{"line":23,"column":12},"end":{"line":25,"column":null}}]}},"s":{"0":3,"1":3,"2":3,"3":3,"4":0,"5":1,"6":1,"7":0,"8":1,"9":3,"10":0,"11":3,"12":0,"13":3,"14":3},"f":{"0":0,"1":1,"2":0,"3":0},"b":{"0":[0]}}
}
