TN:
SF:src/config/context.ts
FN:17,(anonymous_1)
FNF:1
FNH:1
FNDA:3,(anonymous_1)
DA:2,3
DA:5,3
DA:17,3
DA:18,3
DA:23,3
LF:5
LH:5
BRF:0
BRH:0
end_of_record
TN:
SF:src/db/entities/MissingTicket.ts
FN:7,(anonymous_2)
FN:10,(anonymous_3)
FN:16,(anonymous_4)
FN:19,(anonymous_5)
FNF:4
FNH:0
FNDA:0,(anonymous_2)
FNDA:0,(anonymous_3)
FNDA:0,(anonymous_4)
FNDA:0,(anonymous_5)
DA:1,3
DA:2,3
DA:3,3
DA:6,3
DA:7,0
DA:8,3
DA:10,0
DA:11,3
DA:14,3
DA:16,0
DA:17,3
DA:19,0
DA:20,3
LF:13
LH:9
BRF:0
BRH:0
end_of_record
TN:
SF:src/db/entities/Parkings.ts
FN:7,(anonymous_2)
FN:10,(anonymous_3)
FN:16,(anonymous_4)
FN:19,(anonymous_5)
FN:22,(anonymous_6)
FNF:5
FNH:0
FNDA:0,(anonymous_2)
FNDA:0,(anonymous_3)
FNDA:0,(anonymous_4)
FNDA:0,(anonymous_5)
FNDA:0,(anonymous_6)
DA:1,3
DA:2,3
DA:3,3
DA:4,3
DA:6,3
DA:7,0
DA:8,3
DA:10,0
DA:11,3
DA:14,3
DA:16,0
DA:17,3
DA:19,0
DA:20,3
DA:22,0
DA:23,3
LF:16
LH:11
BRF:0
BRH:0
end_of_record
TN:
SF:src/db/entities/Vehicle.ts
FN:7,(anonymous_2)
FN:10,(anonymous_3)
FN:19,(anonymous_4)
FNF:3
FNH:0
FNDA:0,(anonymous_2)
FNDA:0,(anonymous_3)
FNDA:0,(anonymous_4)
DA:1,3
DA:2,3
DA:3,3
DA:6,3
DA:7,0
DA:8,3
DA:10,0
DA:11,3
DA:14,3
DA:17,3
DA:19,0
DA:20,3
LF:12
LH:9
BRF:0
BRH:0
end_of_record
TN:
SF:src/db/entities/index.ts
FNF:0
FNH:0
DA:1,3
DA:2,3
DA:3,3
LF:3
LH:3
BRF:0
BRH:0
end_of_record
TN:
SF:src/resolvers/query/index.ts
FNF:0
FNH:0
DA:1,3
DA:2,3
DA:3,3
LF:3
LH:3
BRF:0
BRH:0
end_of_record
TN:
SF:src/resolvers/query/missingTicket.ts
FN:10,(anonymous_11)
FN:15,(anonymous_13)
FN:9,(anonymous_15)
FN:14,(anonymous_16)
FNF:4
FNH:1
FNDA:0,(anonymous_11)
FNDA:1,(anonymous_13)
FNDA:0,(anonymous_15)
FNDA:0,(anonymous_16)
DA:1,3
DA:2,3
DA:3,3
DA:7,3
DA:9,0
DA:10,3
DA:11,0
DA:14,0
DA:15,3
DA:19,1
DA:24,1
DA:25,0
DA:28,1
LF:13
LH:9
BRDA:24,0,0,0
BRF:1
BRH:0
end_of_record
TN:
SF:src/resolvers/query/parking.ts
FN:10,(anonymous_11)
FN:15,(anonymous_13)
FN:9,(anonymous_15)
FN:14,(anonymous_16)
FNF:4
FNH:1
FNDA:0,(anonymous_11)
FNDA:1,(anonymous_13)
FNDA:0,(anonymous_15)
FNDA:0,(anonymous_16)
DA:1,3
DA:2,3
DA:3,3
DA:7,3
DA:9,0
DA:10,3
DA:11,0
DA:14,0
DA:15,3
DA:18,1
DA:23,1
DA:24,0
DA:27,1
LF:13
LH:9
BRDA:23,0,0,0
BRF:1
BRH:0
end_of_record
TN:
SF:src/resolvers/query/vehicle.ts
FN:10,(anonymous_11)
FN:15,(anonymous_13)
FN:9,(anonymous_15)
FN:14,(anonymous_16)
FNF:4
FNH:1
FNDA:0,(anonymous_11)
FNDA:1,(anonymous_13)
FNDA:0,(anonymous_15)
FNDA:0,(anonymous_16)
DA:1,3
DA:2,3
DA:3,3
DA:7,3
DA:9,0
DA:10,3
DA:11,0
DA:14,0
DA:15,3
DA:18,1
DA:23,1
DA:24,0
DA:27,1
LF:13
LH:9
BRDA:23,0,0,0
BRF:1
BRH:0
end_of_record
